2022-08-18T19:38:21.2145099 404 : [{"timestamp":"2022-08-19T00:38:21.189+00:00","status":404,"error":"Not Found","message":"No message available","path":"/balance/1003"}]
2022-08-18T19:57:29.0179669 500 : [{"timestamp":"2022-08-19T00:57:28.990+00:00","status":500,"error":"Internal Server Error","message":"Optional int parameter 'id' is present but cannot be translated into a null value due to being declared as a primitive type. Consider declaring it as object wrapper for the corresponding primitive type.","path":"/balance/1003"}]
2022-08-18T20:00:11.4389802 404 : [{"timestamp":"2022-08-19T01:00:11.414+00:00","status":404,"error":"Not Found","message":"No message available","path":"/balance1003"}]
2022-08-18T20:16:39.9937167 404 : [{"timestamp":"2022-08-19T01:16:39.969+00:00","status":404,"error":"Not Found","message":"No message available","path":"/balance1003"}]
2022-08-18T20:17:26.8654283 404 : [{"timestamp":"2022-08-19T01:17:26.848+00:00","status":404,"error":"Not Found","message":"No message available","path":"/balance1003"}]
2022-08-18T20:18:23.3556869 500 : [{"timestamp":"2022-08-19T01:18:23.332+00:00","status":500,"error":"Internal Server Error","message":"Optional int parameter 'id' is present but cannot be translated into a null value due to being declared as a primitive type. Consider declaring it as object wrapper for the corresponding primitive type.","path":"/balance/1003"}]
2022-08-18T20:20:04.3990964 500 : [{"timestamp":"2022-08-19T01:20:04.381+00:00","status":500,"error":"Internal Server Error","message":"Optional int parameter 'id' is present but cannot be translated into a null value due to being declared as a primitive type. Consider declaring it as object wrapper for the corresponding primitive type.","path":"/balance/1003"}]
2022-08-18T20:25:38.6482956 500 : [{"timestamp":"2022-08-19T01:25:38.627+00:00","status":500,"error":"Internal Server Error","message":"Optional int parameter 'id' is present but cannot be translated into a null value due to being declared as a primitive type. Consider declaring it as object wrapper for the corresponding primitive type.","path":"/balance/1003"}]
2022-08-18T20:33:14.2015955 500 : [{"timestamp":"2022-08-19T01:33:14.180+00:00","status":500,"error":"Internal Server Error","message":"Optional int parameter 'id' is present but cannot be translated into a null value due to being declared as a primitive type. Consider declaring it as object wrapper for the corresponding primitive type.","path":"/balance/1003"}]
2022-08-18T20:34:56.1648142 404 : [{"timestamp":"2022-08-19T01:34:56.137+00:00","status":404,"error":"Not Found","message":"No message available","path":"/balance/1003"}]
2022-08-18T20:35:48.973742 404 : [{"timestamp":"2022-08-19T01:35:48.953+00:00","status":404,"error":"Not Found","message":"No message available","path":"/balance/1003"}]
2022-08-18T20:53:36.3946682 404 : [{"timestamp":"2022-08-19T01:53:36.368+00:00","status":404,"error":"Not Found","message":"No message available","path":"/balance/1003"}]
2022-08-18T20:55:12.3221083 404 : [{"timestamp":"2022-08-19T01:55:12.300+00:00","status":404,"error":"Not Found","message":"No message available","path":"/balance/1003"}]
2022-08-18T21:16:26.8632122 404 : [{"timestamp":"2022-08-19T02:16:26.832+00:00","status":404,"error":"Not Found","message":"No message available","path":"/balance"}]
2022-08-18T21:20:05.2680128 404 : [{"timestamp":"2022-08-19T02:20:05.245+00:00","status":404,"error":"Not Found","message":"No message available","path":"/balance"}]
2022-08-18T21:29:16.3039771 404 : [{"timestamp":"2022-08-19T02:29:16.282+00:00","status":404,"error":"Not Found","message":"No message available","path":"/balance"}]
2022-08-18T21:29:41.0491785 404 : [{"timestamp":"2022-08-19T02:29:41.021+00:00","status":404,"error":"Not Found","message":"No message available","path":"/balance"}]
2022-08-18T21:35:21.8169307 500 : [{"timestamp":"2022-08-19T02:35:21.770+00:00","status":500,"error":"Internal Server Error","message":"PreparedStatementCallback; bad SQL grammar [SELECT balance FROM account JOIN tenmo_user ON accounts.user_id=tenmo_user.user_id WHERE user_id = ?;]; nested exception is org.postgresql.util.PSQLException: ERROR: missing FROM-clause entry for table \"accounts\"\n  Position: 48","path":"/balance"}]
2022-08-18T21:36:59.8576919 500 : [{"timestamp":"2022-08-19T02:36:59.824+00:00","status":500,"error":"Internal Server Error","message":"PreparedStatementCallback; bad SQL grammar [SELECT balance FROM account JOIN tenmo_user ON account.user_id=tenmo_user.user_id WHERE user_id = ?;]; nested exception is org.postgresql.util.PSQLException: ERROR: column reference \"user_id\" is ambiguous\n  Position: 89","path":"/balance"}]
2022-08-18T21:39:09.991107 500 : [{"timestamp":"2022-08-19T02:39:09.965+00:00","status":500,"error":"Internal Server Error","message":"PreparedStatementCallback; bad SQL grammar [SELECT balance FROM account JOIN tenmo_user ON account.user_id=tenmo_user.user_id WHERE user_id = ?;]; nested exception is org.postgresql.util.PSQLException: ERROR: column reference \"user_id\" is ambiguous\n  Position: 89","path":"/balance"}]
2022-08-18T21:42:38.6681553 500 : [{"timestamp":"2022-08-19T02:42:38.640+00:00","status":500,"error":"Internal Server Error","message":"PreparedStatementCallback; bad SQL grammar [SELECT balance FROM account JOIN tenmo_user ON account.user_id=tenmo_user.user_id WHERE user_id = ?;]; nested exception is org.postgresql.util.PSQLException: ERROR: column reference \"user_id\" is ambiguous\n  Position: 89","path":"/balance"}]
2022-08-18T21:43:54.2290981 500 : [{"timestamp":"2022-08-19T02:43:54.199+00:00","status":500,"error":"Internal Server Error","message":"PreparedStatementCallback; SQL [SELECT balance FROM account JOIN tenmo_user ON account.user_id = te... (437 bytes)]
2022-08-18T20:35:20.2364241 401 : [no body]
